This file contains any messages produced by compilers while
running configure, to aid debugging if configure makes a mistake.

It was created by ikarus configure 0.0.4-rc1, which was
generated by GNU Autoconf 2.64.  Invocation command line was

  $ ./configure --enable-libffi --no-create --no-recursion

## --------- ##
## Platform. ##
## --------- ##

hostname = wizard
uname -m = i686
uname -r = 2.6.31-21-generic
uname -s = Linux
uname -v = #59-Ubuntu SMP Wed Mar 24 07:28:56 UTC 2010

/usr/bin/uname -p = unknown
/bin/uname -X     = unknown

/bin/arch              = unknown
/usr/bin/arch -k       = unknown
/usr/convex/getsysinfo = unknown
/usr/bin/hostinfo      = unknown
/bin/machine           = unknown
/usr/bin/oslevel       = unknown
/bin/universe          = unknown

PATH: /usr/local/sbin
PATH: /usr/local/bin
PATH: /usr/sbin
PATH: /usr/bin
PATH: /sbin
PATH: /bin
PATH: /usr/X11R6/bin


## ----------- ##
## Core tests. ##
## ----------- ##

configure:2451: checking build system type
configure:2465: result: i686-pc-linux-gnu
configure:2485: checking host system type
configure:2498: result: i686-pc-linux-gnu
configure:2518: checking target system type
configure:2531: result: i686-pc-linux-gnu
configure:2574: checking for a BSD-compatible install
configure:2642: result: /usr/bin/install -c
configure:2653: checking whether build environment is sane
configure:2703: result: yes
configure:2844: checking for a thread-safe mkdir -p
configure:2883: result: /bin/mkdir -p
configure:2896: checking for gawk
configure:2912: found /usr/bin/gawk
configure:2923: result: gawk
configure:2934: checking whether make sets $(MAKE)
configure:2956: result: yes
configure:3042: checking for style of include used by make
configure:3070: result: GNU
configure:3140: checking for gcc
configure:3156: found /usr/bin/gcc
configure:3167: result: gcc
configure:3396: checking for C compiler version
configure:3405: gcc --version >&5
gcc (Ubuntu 4.4.1-4ubuntu9) 4.4.1
Copyright (C) 2009 Free Software Foundation, Inc.
This is free software; see the source for copying conditions.  There is NO
warranty; not even for MERCHANTABILITY or FITNESS FOR A PARTICULAR PURPOSE.

configure:3416: $? = 0
configure:3405: gcc -v >&5
Using built-in specs.
Target: i486-linux-gnu
Configured with: ../src/configure -v --with-pkgversion='Ubuntu 4.4.1-4ubuntu9' --with-bugurl=file:///usr/share/doc/gcc-4.4/README.Bugs --enable-languages=c,c++,fortran,objc,obj-c++ --prefix=/usr --enable-shared --enable-multiarch --enable-linker-build-id --with-system-zlib --libexecdir=/usr/lib --without-included-gettext --enable-threads=posix --with-gxx-include-dir=/usr/include/c++/4.4 --program-suffix=-4.4 --enable-nls --enable-clocale=gnu --enable-libstdcxx-debug --enable-objc-gc --enable-targets=all --disable-werror --with-arch-32=i486 --with-tune=generic --enable-checking=release --build=i486-linux-gnu --host=i486-linux-gnu --target=i486-linux-gnu
Thread model: posix
gcc version 4.4.1 (Ubuntu 4.4.1-4ubuntu9) 
configure:3416: $? = 0
configure:3405: gcc -V >&5
gcc: '-V' option must have argument
configure:3416: $? = 1
configure:3405: gcc -qversion >&5
gcc: unrecognized option '-qversion'
gcc: no input files
configure:3416: $? = 1
configure:3438: checking for C compiler default output file name
configure:3460: gcc    conftest.c  >&5
configure:3464: $? = 0
configure:3501: result: a.out
configure:3517: checking whether the C compiler works
configure:3526: ./a.out
configure:3530: $? = 0
configure:3545: result: yes
configure:3552: checking whether we are cross compiling
configure:3554: result: no
configure:3557: checking for suffix of executables
configure:3564: gcc -o conftest    conftest.c  >&5
configure:3568: $? = 0
configure:3590: result: 
configure:3596: checking for suffix of object files
configure:3618: gcc -c   conftest.c >&5
configure:3622: $? = 0
configure:3643: result: o
configure:3647: checking whether we are using the GNU C compiler
configure:3666: gcc -c   conftest.c >&5
configure:3666: $? = 0
configure:3675: result: yes
configure:3684: checking whether gcc accepts -g
configure:3704: gcc -c -g  conftest.c >&5
configure:3704: $? = 0
configure:3745: result: yes
configure:3762: checking for gcc option to accept ISO C89
configure:3826: gcc  -c -g -O2  conftest.c >&5
configure:3826: $? = 0
configure:3839: result: none needed
configure:3861: checking dependency style of gcc
configure:3971: result: gcc3
configure:3995: checking dependency style of gcc
configure:4103: result: gcc3
configure:4167: checking for gcc
configure:4194: result: gcc
configure:4423: checking for C compiler version
configure:4432: gcc --version >&5
gcc (Ubuntu 4.4.1-4ubuntu9) 4.4.1
Copyright (C) 2009 Free Software Foundation, Inc.
This is free software; see the source for copying conditions.  There is NO
warranty; not even for MERCHANTABILITY or FITNESS FOR A PARTICULAR PURPOSE.

configure:4443: $? = 0
configure:4432: gcc -v >&5
Using built-in specs.
Target: i486-linux-gnu
Configured with: ../src/configure -v --with-pkgversion='Ubuntu 4.4.1-4ubuntu9' --with-bugurl=file:///usr/share/doc/gcc-4.4/README.Bugs --enable-languages=c,c++,fortran,objc,obj-c++ --prefix=/usr --enable-shared --enable-multiarch --enable-linker-build-id --with-system-zlib --libexecdir=/usr/lib --without-included-gettext --enable-threads=posix --with-gxx-include-dir=/usr/include/c++/4.4 --program-suffix=-4.4 --enable-nls --enable-clocale=gnu --enable-libstdcxx-debug --enable-objc-gc --enable-targets=all --disable-werror --with-arch-32=i486 --with-tune=generic --enable-checking=release --build=i486-linux-gnu --host=i486-linux-gnu --target=i486-linux-gnu
Thread model: posix
gcc version 4.4.1 (Ubuntu 4.4.1-4ubuntu9) 
configure:4443: $? = 0
configure:4432: gcc -V >&5
gcc: '-V' option must have argument
configure:4443: $? = 1
configure:4432: gcc -qversion >&5
gcc: unrecognized option '-qversion'
gcc: no input files
configure:4443: $? = 1
configure:4447: checking whether we are using the GNU C compiler
configure:4475: result: yes
configure:4484: checking whether gcc accepts -g
configure:4545: result: yes
configure:4562: checking for gcc option to accept ISO C89
configure:4639: result: none needed
configure:4661: checking dependency style of gcc
configure:4771: result: gcc3
configure:4787: checking whether gcc and cc understand -c and -o together
configure:4818: gcc -c conftest.c -o conftest2.o >&5
configure:4822: $? = 0
configure:4828: gcc -c conftest.c -o conftest2.o >&5
configure:4832: $? = 0
configure:4843: cc -c conftest.c >&5
configure:4847: $? = 0
configure:4855: cc -c conftest.c -o conftest2.o >&5
configure:4859: $? = 0
configure:4865: cc -c conftest.c -o conftest2.o >&5
configure:4869: $? = 0
configure:4887: result: yes
configure:4939: checking how to run the C preprocessor
configure:4970: gcc -E  conftest.c
configure:4970: $? = 0
configure:4984: gcc -E  conftest.c
conftest.c:9:28: error: ac_nonexistent.h: No such file or directory
configure:4984: $? = 1
configure: failed program was:
| /* confdefs.h */
| #define PACKAGE_NAME "ikarus"
| #define PACKAGE_TARNAME "ikarus"
| #define PACKAGE_VERSION "0.0.4-rc1"
| #define PACKAGE_STRING "ikarus 0.0.4-rc1"
| #define PACKAGE_BUGREPORT "aghuloum@cs.indiana.edu"
| #define PACKAGE_URL ""
| /* end confdefs.h.  */
| #include <ac_nonexistent.h>
configure:5009: result: gcc -E
configure:5029: gcc -E  conftest.c
configure:5029: $? = 0
configure:5043: gcc -E  conftest.c
conftest.c:9:28: error: ac_nonexistent.h: No such file or directory
configure:5043: $? = 1
configure: failed program was:
| /* confdefs.h */
| #define PACKAGE_NAME "ikarus"
| #define PACKAGE_TARNAME "ikarus"
| #define PACKAGE_VERSION "0.0.4-rc1"
| #define PACKAGE_STRING "ikarus 0.0.4-rc1"
| #define PACKAGE_BUGREPORT "aghuloum@cs.indiana.edu"
| #define PACKAGE_URL ""
| /* end confdefs.h.  */
| #include <ac_nonexistent.h>
configure:5072: checking for grep that handles long lines and -e
configure:5130: result: /bin/grep
configure:5135: checking for egrep
configure:5197: result: /bin/grep -E
configure:5202: checking for ANSI C header files
configure:5222: gcc -c -g -O2 -DNDEBUG -O3 -Wall  conftest.c >&5
configure:5222: $? = 0
configure:5295: gcc -o conftest -g -O2 -DNDEBUG -O3 -Wall  -rdynamic  conftest.c  >&5
configure:5295: $? = 0
configure:5295: ./conftest
configure:5295: $? = 0
configure:5306: result: yes
configure:5319: checking for sys/types.h
configure:5319: gcc -c -g -O2 -DNDEBUG -O3 -Wall  conftest.c >&5
configure:5319: $? = 0
configure:5319: result: yes
configure:5319: checking for sys/stat.h
configure:5319: gcc -c -g -O2 -DNDEBUG -O3 -Wall  conftest.c >&5
configure:5319: $? = 0
configure:5319: result: yes
configure:5319: checking for stdlib.h
configure:5319: gcc -c -g -O2 -DNDEBUG -O3 -Wall  conftest.c >&5
configure:5319: $? = 0
configure:5319: result: yes
configure:5319: checking for string.h
configure:5319: gcc -c -g -O2 -DNDEBUG -O3 -Wall  conftest.c >&5
configure:5319: $? = 0
configure:5319: result: yes
configure:5319: checking for memory.h
configure:5319: gcc -c -g -O2 -DNDEBUG -O3 -Wall  conftest.c >&5
configure:5319: $? = 0
configure:5319: result: yes
configure:5319: checking for strings.h
configure:5319: gcc -c -g -O2 -DNDEBUG -O3 -Wall  conftest.c >&5
configure:5319: $? = 0
configure:5319: result: yes
configure:5319: checking for inttypes.h
configure:5319: gcc -c -g -O2 -DNDEBUG -O3 -Wall  conftest.c >&5
configure:5319: $? = 0
configure:5319: result: yes
configure:5319: checking for stdint.h
configure:5319: gcc -c -g -O2 -DNDEBUG -O3 -Wall  conftest.c >&5
configure:5319: $? = 0
configure:5319: result: yes
configure:5319: checking for unistd.h
configure:5319: gcc -c -g -O2 -DNDEBUG -O3 -Wall  conftest.c >&5
configure:5319: $? = 0
configure:5319: result: yes
configure:5336: checking size of void *
configure:5341: gcc -o conftest -g -O2 -DNDEBUG -O3 -Wall  -rdynamic  conftest.c  >&5
configure:5341: $? = 0
configure:5341: ./conftest
configure:5341: $? = 0
configure:5356: result: 4
configure:5379: checking for special C compiler options needed for large files
configure:5424: result: no
configure:5430: checking for _FILE_OFFSET_BITS value needed for large files
configure:5455: gcc -c -g -O2 -DNDEBUG -O3 -Wall  conftest.c >&5
conftest.c:27: warning: left shift count >= width of type
conftest.c:27: warning: left shift count >= width of type
conftest.c:29: error: size of array 'off_t_is_large' is negative
configure:5455: $? = 1
configure: failed program was:
| /* confdefs.h */
| #define PACKAGE_NAME "ikarus"
| #define PACKAGE_TARNAME "ikarus"
| #define PACKAGE_VERSION "0.0.4-rc1"
| #define PACKAGE_STRING "ikarus 0.0.4-rc1"
| #define PACKAGE_BUGREPORT "aghuloum@cs.indiana.edu"
| #define PACKAGE_URL ""
| #define STDC_HEADERS 1
| #define HAVE_SYS_TYPES_H 1
| #define HAVE_SYS_STAT_H 1
| #define HAVE_STDLIB_H 1
| #define HAVE_STRING_H 1
| #define HAVE_MEMORY_H 1
| #define HAVE_STRINGS_H 1
| #define HAVE_INTTYPES_H 1
| #define HAVE_STDINT_H 1
| #define HAVE_UNISTD_H 1
| #define SIZEOF_VOID_P 4
| #define FLAT_TABLES 1
| /* end confdefs.h.  */
| #include <sys/types.h>
|  /* Check that off_t can represent 2**63 - 1 correctly.
|     We can't simply define LARGE_OFF_T to be 9223372036854775807,
|     since some C++ compilers masquerading as C compilers
|     incorrectly reject 9223372036854775807.  */
| #define LARGE_OFF_T (((off_t) 1 << 62) - 1 + ((off_t) 1 << 62))
|   int off_t_is_large[(LARGE_OFF_T % 2147483629 == 721
| 		       && LARGE_OFF_T % 2147483647 == 1)
| 		      ? 1 : -1];
| int
| main ()
| {
| 
|   ;
|   return 0;
| }
configure:5479: gcc -c -g -O2 -DNDEBUG -O3 -Wall  conftest.c >&5
configure:5479: $? = 0
configure:5487: result: 64
configure:5572: checking for library containing dlsym
configure:5603: gcc -o conftest -g -O2 -DNDEBUG -O3 -Wall  -rdynamic  conftest.c  >&5
/tmp/ccgZFlUj.o: In function `main':
/home/ih/Code/ikarus.dev/conftest.c:33: undefined reference to `dlsym'
collect2: ld returned 1 exit status
configure:5603: $? = 1
configure: failed program was:
| /* confdefs.h */
| #define PACKAGE_NAME "ikarus"
| #define PACKAGE_TARNAME "ikarus"
| #define PACKAGE_VERSION "0.0.4-rc1"
| #define PACKAGE_STRING "ikarus 0.0.4-rc1"
| #define PACKAGE_BUGREPORT "aghuloum@cs.indiana.edu"
| #define PACKAGE_URL ""
| #define STDC_HEADERS 1
| #define HAVE_SYS_TYPES_H 1
| #define HAVE_SYS_STAT_H 1
| #define HAVE_STDLIB_H 1
| #define HAVE_STRING_H 1
| #define HAVE_MEMORY_H 1
| #define HAVE_STRINGS_H 1
| #define HAVE_INTTYPES_H 1
| #define HAVE_STDINT_H 1
| #define HAVE_UNISTD_H 1
| #define SIZEOF_VOID_P 4
| #define FLAT_TABLES 1
| #define _FILE_OFFSET_BITS 64
| /* end confdefs.h.  */
| 
| /* Override any GCC internal prototype to avoid an error.
|    Use char because int might match the return type of a GCC
|    builtin and then its argument prototype would still apply.  */
| #ifdef __cplusplus
| extern "C"
| #endif
| char dlsym ();
| int
| main ()
| {
| return dlsym ();
|   ;
|   return 0;
| }
configure:5603: gcc -o conftest -g -O2 -DNDEBUG -O3 -Wall  -rdynamic  conftest.c -ldl   >&5
configure:5603: $? = 0
configure:5620: result: -ldl
configure:5630: checking for library containing cos
configure:5661: gcc -o conftest -g -O2 -DNDEBUG -O3 -Wall  -rdynamic  conftest.c -ldl  >&5
conftest.c:29: warning: conflicting types for built-in function 'cos'
/tmp/ccqAOd9D.o: In function `main':
/home/ih/Code/ikarus.dev/conftest.c:33: undefined reference to `cos'
collect2: ld returned 1 exit status
configure:5661: $? = 1
configure: failed program was:
| /* confdefs.h */
| #define PACKAGE_NAME "ikarus"
| #define PACKAGE_TARNAME "ikarus"
| #define PACKAGE_VERSION "0.0.4-rc1"
| #define PACKAGE_STRING "ikarus 0.0.4-rc1"
| #define PACKAGE_BUGREPORT "aghuloum@cs.indiana.edu"
| #define PACKAGE_URL ""
| #define STDC_HEADERS 1
| #define HAVE_SYS_TYPES_H 1
| #define HAVE_SYS_STAT_H 1
| #define HAVE_STDLIB_H 1
| #define HAVE_STRING_H 1
| #define HAVE_MEMORY_H 1
| #define HAVE_STRINGS_H 1
| #define HAVE_INTTYPES_H 1
| #define HAVE_STDINT_H 1
| #define HAVE_UNISTD_H 1
| #define SIZEOF_VOID_P 4
| #define FLAT_TABLES 1
| #define _FILE_OFFSET_BITS 64
| /* end confdefs.h.  */
| 
| /* Override any GCC internal prototype to avoid an error.
|    Use char because int might match the return type of a GCC
|    builtin and then its argument prototype would still apply.  */
| #ifdef __cplusplus
| extern "C"
| #endif
| char cos ();
| int
| main ()
| {
| return cos ();
|   ;
|   return 0;
| }
configure:5661: gcc -o conftest -g -O2 -DNDEBUG -O3 -Wall  -rdynamic  conftest.c -lm  -ldl  >&5
conftest.c:29: warning: conflicting types for built-in function 'cos'
configure:5661: $? = 0
configure:5678: result: -lm
configure:5688: checking for library containing nanosleep
configure:5719: gcc -o conftest -g -O2 -DNDEBUG -O3 -Wall  -rdynamic  conftest.c -lm -ldl  >&5
configure:5719: $? = 0
configure:5736: result: none required
configure:5746: checking for library containing socket
configure:5777: gcc -o conftest -g -O2 -DNDEBUG -O3 -Wall  -rdynamic  conftest.c -lm -ldl  >&5
configure:5777: $? = 0
configure:5794: result: none required
configure:5807: checking for ANSI C header files
configure:5911: result: yes
configure:5919: checking for sys/wait.h that is POSIX.1 compatible
configure:5945: gcc -c -g -O2 -DNDEBUG -O3 -Wall  conftest.c >&5
configure:5945: $? = 0
configure:5952: result: yes
configure:5969: checking assert.h usability
configure:5969: gcc -c -g -O2 -DNDEBUG -O3 -Wall  conftest.c >&5
configure:5969: $? = 0
configure:5969: result: yes
configure:5969: checking assert.h presence
configure:5969: gcc -E  conftest.c
configure:5969: $? = 0
configure:5969: result: yes
configure:5969: checking for assert.h
configure:5969: result: yes
configure:5969: checking dlfcn.h usability
configure:5969: gcc -c -g -O2 -DNDEBUG -O3 -Wall  conftest.c >&5
configure:5969: $? = 0
configure:5969: result: yes
configure:5969: checking dlfcn.h presence
configure:5969: gcc -E  conftest.c
configure:5969: $? = 0
configure:5969: result: yes
configure:5969: checking for dlfcn.h
configure:5969: result: yes
configure:5969: checking errno.h usability
configure:5969: gcc -c -g -O2 -DNDEBUG -O3 -Wall  conftest.c >&5
configure:5969: $? = 0
configure:5969: result: yes
configure:5969: checking errno.h presence
configure:5969: gcc -E  conftest.c
configure:5969: $? = 0
configure:5969: result: yes
configure:5969: checking for errno.h
configure:5969: result: yes
configure:5969: checking fcntl.h usability
configure:5969: gcc -c -g -O2 -DNDEBUG -O3 -Wall  conftest.c >&5
configure:5969: $? = 0
configure:5969: result: yes
configure:5969: checking fcntl.h presence
configure:5969: gcc -E  conftest.c
configure:5969: $? = 0
configure:5969: result: yes
configure:5969: checking for fcntl.h
configure:5969: result: yes
configure:5969: checking signal.h usability
configure:5969: gcc -c -g -O2 -DNDEBUG -O3 -Wall  conftest.c >&5
configure:5969: $? = 0
configure:5969: result: yes
configure:5969: checking signal.h presence
configure:5969: gcc -E  conftest.c
configure:5969: $? = 0
configure:5969: result: yes
configure:5969: checking for signal.h
configure:5969: result: yes
configure:5969: checking for stdint.h
configure:5969: result: yes
configure:5969: checking for stdlib.h
configure:5969: result: yes
configure:5969: checking for string.h
configure:5969: result: yes
configure:5969: checking for strings.h
configure:5969: result: yes
configure:5969: checking sys/mman.h usability
configure:5969: gcc -c -g -O2 -DNDEBUG -O3 -Wall  conftest.c >&5
configure:5969: $? = 0
configure:5969: result: yes
configure:5969: checking sys/mman.h presence
configure:5969: gcc -E  conftest.c
configure:5969: $? = 0
configure:5969: result: yes
configure:5969: checking for sys/mman.h
configure:5969: result: yes
configure:5969: checking sys/resource.h usability
configure:5969: gcc -c -g -O2 -DNDEBUG -O3 -Wall  conftest.c >&5
configure:5969: $? = 0
configure:5969: result: yes
configure:5969: checking sys/resource.h presence
configure:5969: gcc -E  conftest.c
configure:5969: $? = 0
configure:5969: result: yes
configure:5969: checking for sys/resource.h
configure:5969: result: yes
configure:5969: checking for sys/stat.h
configure:5969: result: yes
configure:5969: checking sys/time.h usability
configure:5969: gcc -c -g -O2 -DNDEBUG -O3 -Wall  conftest.c >&5
configure:5969: $? = 0
configure:5969: result: yes
configure:5969: checking sys/time.h presence
configure:5969: gcc -E  conftest.c
configure:5969: $? = 0
configure:5969: result: yes
configure:5969: checking for sys/time.h
configure:5969: result: yes
configure:5969: checking for sys/types.h
configure:5969: result: yes
configure:5969: checking for sys/wait.h
configure:5969: result: yes
configure:5969: checking time.h usability
configure:5969: gcc -c -g -O2 -DNDEBUG -O3 -Wall  conftest.c >&5
configure:5969: $? = 0
configure:5969: result: yes
configure:5969: checking time.h presence
configure:5969: gcc -E  conftest.c
configure:5969: $? = 0
configure:5969: result: yes
configure:5969: checking for time.h
configure:5969: result: yes
configure:5969: checking for unistd.h
configure:5969: result: yes
configure:5981: checking for main in -lpthread
configure:6000: gcc -o conftest -g -O2 -DNDEBUG -O3 -Wall  -rdynamic  conftest.c -lpthread  -lm -ldl  >&5
configure:6000: $? = 0
configure:6009: result: yes
configure:6023: checking gmp.h usability
configure:6023: gcc -c -g -O2 -DNDEBUG -O3 -Wall  conftest.c >&5
configure:6023: $? = 0
configure:6023: result: yes
configure:6023: checking gmp.h presence
configure:6023: gcc -E  conftest.c
configure:6023: $? = 0
configure:6023: result: yes
configure:6023: checking for gmp.h
configure:6023: result: yes
configure:6042: checking for main in -lgmp
configure:6061: gcc -o conftest -g -O2 -DNDEBUG -O3 -Wall  -rdynamic  conftest.c -lgmp  -lpthread -lm -ldl  >&5
configure:6061: $? = 0
configure:6070: result: yes
configure:6102: checking ffi.h usability
configure:6102: gcc -c -g -O2 -DNDEBUG -O3 -Wall  conftest.c >&5
configure:6102: $? = 0
configure:6102: result: yes
configure:6102: checking ffi.h presence
configure:6102: gcc -E  conftest.c
configure:6102: $? = 0
configure:6102: result: yes
configure:6102: checking for ffi.h
configure:6102: result: yes
configure:6110: checking for ffi_call in -lffi
configure:6135: gcc -o conftest -g -O2 -DNDEBUG -O3 -Wall  -rdynamic  conftest.c -lffi  -lgmp -lpthread -lm -ldl  >&5
configure:6135: $? = 0
configure:6144: result: yes
configure:6180: checking for struct stat.st_mtimespec
configure:6180: gcc -c -g -O2 -DNDEBUG -O3 -Wall  conftest.c >&5
conftest.c: In function 'main':
conftest.c:51: error: 'struct stat' has no member named 'st_mtimespec'
configure:6180: $? = 1
configure: failed program was:
| /* confdefs.h */
| #define PACKAGE_NAME "ikarus"
| #define PACKAGE_TARNAME "ikarus"
| #define PACKAGE_VERSION "0.0.4-rc1"
| #define PACKAGE_STRING "ikarus 0.0.4-rc1"
| #define PACKAGE_BUGREPORT "aghuloum@cs.indiana.edu"
| #define PACKAGE_URL ""
| #define STDC_HEADERS 1
| #define HAVE_SYS_TYPES_H 1
| #define HAVE_SYS_STAT_H 1
| #define HAVE_STDLIB_H 1
| #define HAVE_STRING_H 1
| #define HAVE_MEMORY_H 1
| #define HAVE_STRINGS_H 1
| #define HAVE_INTTYPES_H 1
| #define HAVE_STDINT_H 1
| #define HAVE_UNISTD_H 1
| #define SIZEOF_VOID_P 4
| #define FLAT_TABLES 1
| #define _FILE_OFFSET_BITS 64
| #define STDC_HEADERS 1
| #define HAVE_SYS_WAIT_H 1
| #define HAVE_ASSERT_H 1
| #define HAVE_DLFCN_H 1
| #define HAVE_ERRNO_H 1
| #define HAVE_FCNTL_H 1
| #define HAVE_SIGNAL_H 1
| #define HAVE_STDINT_H 1
| #define HAVE_STDLIB_H 1
| #define HAVE_STRING_H 1
| #define HAVE_STRINGS_H 1
| #define HAVE_SYS_MMAN_H 1
| #define HAVE_SYS_RESOURCE_H 1
| #define HAVE_SYS_STAT_H 1
| #define HAVE_SYS_TIME_H 1
| #define HAVE_SYS_TYPES_H 1
| #define HAVE_SYS_WAIT_H 1
| #define HAVE_TIME_H 1
| #define HAVE_UNISTD_H 1
| #define HAVE_LIBPTHREAD 1
| #define HAVE_GMP_H 1
| #define HAVE_LIBGMP 1
| #define ENABLE_LIBFFI 1
| /* end confdefs.h.  */
| #include <sys/stat.h>
| 
| int
| main ()
| {
| static struct stat ac_aggr;
| if (ac_aggr.st_mtimespec)
| return 0;
|   ;
|   return 0;
| }
configure:6180: gcc -c -g -O2 -DNDEBUG -O3 -Wall  conftest.c >&5
conftest.c: In function 'main':
conftest.c:51: error: 'struct stat' has no member named 'st_mtimespec'
configure:6180: $? = 1
configure: failed program was:
| /* confdefs.h */
| #define PACKAGE_NAME "ikarus"
| #define PACKAGE_TARNAME "ikarus"
| #define PACKAGE_VERSION "0.0.4-rc1"
| #define PACKAGE_STRING "ikarus 0.0.4-rc1"
| #define PACKAGE_BUGREPORT "aghuloum@cs.indiana.edu"
| #define PACKAGE_URL ""
| #define STDC_HEADERS 1
| #define HAVE_SYS_TYPES_H 1
| #define HAVE_SYS_STAT_H 1
| #define HAVE_STDLIB_H 1
| #define HAVE_STRING_H 1
| #define HAVE_MEMORY_H 1
| #define HAVE_STRINGS_H 1
| #define HAVE_INTTYPES_H 1
| #define HAVE_STDINT_H 1
| #define HAVE_UNISTD_H 1
| #define SIZEOF_VOID_P 4
| #define FLAT_TABLES 1
| #define _FILE_OFFSET_BITS 64
| #define STDC_HEADERS 1
| #define HAVE_SYS_WAIT_H 1
| #define HAVE_ASSERT_H 1
| #define HAVE_DLFCN_H 1
| #define HAVE_ERRNO_H 1
| #define HAVE_FCNTL_H 1
| #define HAVE_SIGNAL_H 1
| #define HAVE_STDINT_H 1
| #define HAVE_STDLIB_H 1
| #define HAVE_STRING_H 1
| #define HAVE_STRINGS_H 1
| #define HAVE_SYS_MMAN_H 1
| #define HAVE_SYS_RESOURCE_H 1
| #define HAVE_SYS_STAT_H 1
| #define HAVE_SYS_TIME_H 1
| #define HAVE_SYS_TYPES_H 1
| #define HAVE_SYS_WAIT_H 1
| #define HAVE_TIME_H 1
| #define HAVE_UNISTD_H 1
| #define HAVE_LIBPTHREAD 1
| #define HAVE_GMP_H 1
| #define HAVE_LIBGMP 1
| #define ENABLE_LIBFFI 1
| /* end confdefs.h.  */
| #include <sys/stat.h>
| 
| int
| main ()
| {
| static struct stat ac_aggr;
| if (sizeof ac_aggr.st_mtimespec)
| return 0;
|   ;
|   return 0;
| }
configure:6180: result: no
configure:6189: checking for struct stat.st_mtim
configure:6189: gcc -c -g -O2 -DNDEBUG -O3 -Wall  conftest.c >&5
conftest.c: In function 'main':
conftest.c:51: error: used struct type value where scalar is required
configure:6189: $? = 1
configure: failed program was:
| /* confdefs.h */
| #define PACKAGE_NAME "ikarus"
| #define PACKAGE_TARNAME "ikarus"
| #define PACKAGE_VERSION "0.0.4-rc1"
| #define PACKAGE_STRING "ikarus 0.0.4-rc1"
| #define PACKAGE_BUGREPORT "aghuloum@cs.indiana.edu"
| #define PACKAGE_URL ""
| #define STDC_HEADERS 1
| #define HAVE_SYS_TYPES_H 1
| #define HAVE_SYS_STAT_H 1
| #define HAVE_STDLIB_H 1
| #define HAVE_STRING_H 1
| #define HAVE_MEMORY_H 1
| #define HAVE_STRINGS_H 1
| #define HAVE_INTTYPES_H 1
| #define HAVE_STDINT_H 1
| #define HAVE_UNISTD_H 1
| #define SIZEOF_VOID_P 4
| #define FLAT_TABLES 1
| #define _FILE_OFFSET_BITS 64
| #define STDC_HEADERS 1
| #define HAVE_SYS_WAIT_H 1
| #define HAVE_ASSERT_H 1
| #define HAVE_DLFCN_H 1
| #define HAVE_ERRNO_H 1
| #define HAVE_FCNTL_H 1
| #define HAVE_SIGNAL_H 1
| #define HAVE_STDINT_H 1
| #define HAVE_STDLIB_H 1
| #define HAVE_STRING_H 1
| #define HAVE_STRINGS_H 1
| #define HAVE_SYS_MMAN_H 1
| #define HAVE_SYS_RESOURCE_H 1
| #define HAVE_SYS_STAT_H 1
| #define HAVE_SYS_TIME_H 1
| #define HAVE_SYS_TYPES_H 1
| #define HAVE_SYS_WAIT_H 1
| #define HAVE_TIME_H 1
| #define HAVE_UNISTD_H 1
| #define HAVE_LIBPTHREAD 1
| #define HAVE_GMP_H 1
| #define HAVE_LIBGMP 1
| #define ENABLE_LIBFFI 1
| /* end confdefs.h.  */
| #include <sys/stat.h>
| 
| int
| main ()
| {
| static struct stat ac_aggr;
| if (ac_aggr.st_mtim)
| return 0;
|   ;
|   return 0;
| }
configure:6189: gcc -c -g -O2 -DNDEBUG -O3 -Wall  conftest.c >&5
configure:6189: $? = 0
configure:6189: result: yes
configure:6198: checking for struct stat.st_ctimespec
configure:6198: gcc -c -g -O2 -DNDEBUG -O3 -Wall  conftest.c >&5
conftest.c: In function 'main':
conftest.c:52: error: 'struct stat' has no member named 'st_ctimespec'
configure:6198: $? = 1
configure: failed program was:
| /* confdefs.h */
| #define PACKAGE_NAME "ikarus"
| #define PACKAGE_TARNAME "ikarus"
| #define PACKAGE_VERSION "0.0.4-rc1"
| #define PACKAGE_STRING "ikarus 0.0.4-rc1"
| #define PACKAGE_BUGREPORT "aghuloum@cs.indiana.edu"
| #define PACKAGE_URL ""
| #define STDC_HEADERS 1
| #define HAVE_SYS_TYPES_H 1
| #define HAVE_SYS_STAT_H 1
| #define HAVE_STDLIB_H 1
| #define HAVE_STRING_H 1
| #define HAVE_MEMORY_H 1
| #define HAVE_STRINGS_H 1
| #define HAVE_INTTYPES_H 1
| #define HAVE_STDINT_H 1
| #define HAVE_UNISTD_H 1
| #define SIZEOF_VOID_P 4
| #define FLAT_TABLES 1
| #define _FILE_OFFSET_BITS 64
| #define STDC_HEADERS 1
| #define HAVE_SYS_WAIT_H 1
| #define HAVE_ASSERT_H 1
| #define HAVE_DLFCN_H 1
| #define HAVE_ERRNO_H 1
| #define HAVE_FCNTL_H 1
| #define HAVE_SIGNAL_H 1
| #define HAVE_STDINT_H 1
| #define HAVE_STDLIB_H 1
| #define HAVE_STRING_H 1
| #define HAVE_STRINGS_H 1
| #define HAVE_SYS_MMAN_H 1
| #define HAVE_SYS_RESOURCE_H 1
| #define HAVE_SYS_STAT_H 1
| #define HAVE_SYS_TIME_H 1
| #define HAVE_SYS_TYPES_H 1
| #define HAVE_SYS_WAIT_H 1
| #define HAVE_TIME_H 1
| #define HAVE_UNISTD_H 1
| #define HAVE_LIBPTHREAD 1
| #define HAVE_GMP_H 1
| #define HAVE_LIBGMP 1
| #define ENABLE_LIBFFI 1
| #define HAVE_STAT_ST_MTIM 1
| /* end confdefs.h.  */
| #include <sys/stat.h>
| 
| int
| main ()
| {
| static struct stat ac_aggr;
| if (ac_aggr.st_ctimespec)
| return 0;
|   ;
|   return 0;
| }
configure:6198: gcc -c -g -O2 -DNDEBUG -O3 -Wall  conftest.c >&5
conftest.c: In function 'main':
conftest.c:52: error: 'struct stat' has no member named 'st_ctimespec'
configure:6198: $? = 1
configure: failed program was:
| /* confdefs.h */
| #define PACKAGE_NAME "ikarus"
| #define PACKAGE_TARNAME "ikarus"
| #define PACKAGE_VERSION "0.0.4-rc1"
| #define PACKAGE_STRING "ikarus 0.0.4-rc1"
| #define PACKAGE_BUGREPORT "aghuloum@cs.indiana.edu"
| #define PACKAGE_URL ""
| #define STDC_HEADERS 1
| #define HAVE_SYS_TYPES_H 1
| #define HAVE_SYS_STAT_H 1
| #define HAVE_STDLIB_H 1
| #define HAVE_STRING_H 1
| #define HAVE_MEMORY_H 1
| #define HAVE_STRINGS_H 1
| #define HAVE_INTTYPES_H 1
| #define HAVE_STDINT_H 1
| #define HAVE_UNISTD_H 1
| #define SIZEOF_VOID_P 4
| #define FLAT_TABLES 1
| #define _FILE_OFFSET_BITS 64
| #define STDC_HEADERS 1
| #define HAVE_SYS_WAIT_H 1
| #define HAVE_ASSERT_H 1
| #define HAVE_DLFCN_H 1
| #define HAVE_ERRNO_H 1
| #define HAVE_FCNTL_H 1
| #define HAVE_SIGNAL_H 1
| #define HAVE_STDINT_H 1
| #define HAVE_STDLIB_H 1
| #define HAVE_STRING_H 1
| #define HAVE_STRINGS_H 1
| #define HAVE_SYS_MMAN_H 1
| #define HAVE_SYS_RESOURCE_H 1
| #define HAVE_SYS_STAT_H 1
| #define HAVE_SYS_TIME_H 1
| #define HAVE_SYS_TYPES_H 1
| #define HAVE_SYS_WAIT_H 1
| #define HAVE_TIME_H 1
| #define HAVE_UNISTD_H 1
| #define HAVE_LIBPTHREAD 1
| #define HAVE_GMP_H 1
| #define HAVE_LIBGMP 1
| #define ENABLE_LIBFFI 1
| #define HAVE_STAT_ST_MTIM 1
| /* end confdefs.h.  */
| #include <sys/stat.h>
| 
| int
| main ()
| {
| static struct stat ac_aggr;
| if (sizeof ac_aggr.st_ctimespec)
| return 0;
|   ;
|   return 0;
| }
configure:6198: result: no
configure:6207: checking for struct stat.st_ctim
configure:6207: gcc -c -g -O2 -DNDEBUG -O3 -Wall  conftest.c >&5
conftest.c: In function 'main':
conftest.c:52: error: used struct type value where scalar is required
configure:6207: $? = 1
configure: failed program was:
| /* confdefs.h */
| #define PACKAGE_NAME "ikarus"
| #define PACKAGE_TARNAME "ikarus"
| #define PACKAGE_VERSION "0.0.4-rc1"
| #define PACKAGE_STRING "ikarus 0.0.4-rc1"
| #define PACKAGE_BUGREPORT "aghuloum@cs.indiana.edu"
| #define PACKAGE_URL ""
| #define STDC_HEADERS 1
| #define HAVE_SYS_TYPES_H 1
| #define HAVE_SYS_STAT_H 1
| #define HAVE_STDLIB_H 1
| #define HAVE_STRING_H 1
| #define HAVE_MEMORY_H 1
| #define HAVE_STRINGS_H 1
| #define HAVE_INTTYPES_H 1
| #define HAVE_STDINT_H 1
| #define HAVE_UNISTD_H 1
| #define SIZEOF_VOID_P 4
| #define FLAT_TABLES 1
| #define _FILE_OFFSET_BITS 64
| #define STDC_HEADERS 1
| #define HAVE_SYS_WAIT_H 1
| #define HAVE_ASSERT_H 1
| #define HAVE_DLFCN_H 1
| #define HAVE_ERRNO_H 1
| #define HAVE_FCNTL_H 1
| #define HAVE_SIGNAL_H 1
| #define HAVE_STDINT_H 1
| #define HAVE_STDLIB_H 1
| #define HAVE_STRING_H 1
| #define HAVE_STRINGS_H 1
| #define HAVE_SYS_MMAN_H 1
| #define HAVE_SYS_RESOURCE_H 1
| #define HAVE_SYS_STAT_H 1
| #define HAVE_SYS_TIME_H 1
| #define HAVE_SYS_TYPES_H 1
| #define HAVE_SYS_WAIT_H 1
| #define HAVE_TIME_H 1
| #define HAVE_UNISTD_H 1
| #define HAVE_LIBPTHREAD 1
| #define HAVE_GMP_H 1
| #define HAVE_LIBGMP 1
| #define ENABLE_LIBFFI 1
| #define HAVE_STAT_ST_MTIM 1
| /* end confdefs.h.  */
| #include <sys/stat.h>
| 
| int
| main ()
| {
| static struct stat ac_aggr;
| if (ac_aggr.st_ctim)
| return 0;
|   ;
|   return 0;
| }
configure:6207: gcc -c -g -O2 -DNDEBUG -O3 -Wall  conftest.c >&5
configure:6207: $? = 0
configure:6207: result: yes
configure:6219: checking for an ANSI C-conforming const
configure:6284: gcc -c -g -O2 -DNDEBUG -O3 -Wall  conftest.c >&5
conftest.c: In function 'main':
conftest.c:76: warning: 't' is used uninitialized in this function
conftest.c:92: warning: 'b' is used uninitialized in this function
conftest.c:55: warning: 'cs[0]' is used uninitialized in this function
configure:6284: $? = 0
configure:6291: result: yes
configure:6299: checking for inline
configure:6315: gcc -c -g -O2 -DNDEBUG -O3 -Wall  conftest.c >&5
configure:6315: $? = 0
configure:6323: result: inline
configure:6341: checking for C/C++ restrict keyword
configure:6366: gcc -c -g -O2 -DNDEBUG -O3 -Wall  conftest.c >&5
configure:6366: $? = 0
configure:6374: result: __restrict
configure:6387: checking for size_t
configure:6387: gcc -c -g -O2 -DNDEBUG -O3 -Wall  conftest.c >&5
configure:6387: $? = 0
configure:6387: gcc -c -g -O2 -DNDEBUG -O3 -Wall  conftest.c >&5
conftest.c: In function 'main':
conftest.c:84: error: expected expression before ')' token
configure:6387: $? = 1
configure: failed program was:
| /* confdefs.h */
| #define PACKAGE_NAME "ikarus"
| #define PACKAGE_TARNAME "ikarus"
| #define PACKAGE_VERSION "0.0.4-rc1"
| #define PACKAGE_STRING "ikarus 0.0.4-rc1"
| #define PACKAGE_BUGREPORT "aghuloum@cs.indiana.edu"
| #define PACKAGE_URL ""
| #define STDC_HEADERS 1
| #define HAVE_SYS_TYPES_H 1
| #define HAVE_SYS_STAT_H 1
| #define HAVE_STDLIB_H 1
| #define HAVE_STRING_H 1
| #define HAVE_MEMORY_H 1
| #define HAVE_STRINGS_H 1
| #define HAVE_INTTYPES_H 1
| #define HAVE_STDINT_H 1
| #define HAVE_UNISTD_H 1
| #define SIZEOF_VOID_P 4
| #define FLAT_TABLES 1
| #define _FILE_OFFSET_BITS 64
| #define STDC_HEADERS 1
| #define HAVE_SYS_WAIT_H 1
| #define HAVE_ASSERT_H 1
| #define HAVE_DLFCN_H 1
| #define HAVE_ERRNO_H 1
| #define HAVE_FCNTL_H 1
| #define HAVE_SIGNAL_H 1
| #define HAVE_STDINT_H 1
| #define HAVE_STDLIB_H 1
| #define HAVE_STRING_H 1
| #define HAVE_STRINGS_H 1
| #define HAVE_SYS_MMAN_H 1
| #define HAVE_SYS_RESOURCE_H 1
| #define HAVE_SYS_STAT_H 1
| #define HAVE_SYS_TIME_H 1
| #define HAVE_SYS_TYPES_H 1
| #define HAVE_SYS_WAIT_H 1
| #define HAVE_TIME_H 1
| #define HAVE_UNISTD_H 1
| #define HAVE_LIBPTHREAD 1
| #define HAVE_GMP_H 1
| #define HAVE_LIBGMP 1
| #define ENABLE_LIBFFI 1
| #define HAVE_STAT_ST_MTIM 1
| #define HAVE_STAT_ST_CTIM 1
| #define restrict __restrict
| /* end confdefs.h.  */
| #include <stdio.h>
| #ifdef HAVE_SYS_TYPES_H
| # include <sys/types.h>
| #endif
| #ifdef HAVE_SYS_STAT_H
| # include <sys/stat.h>
| #endif
| #ifdef STDC_HEADERS
| # include <stdlib.h>
| # include <stddef.h>
| #else
| # ifdef HAVE_STDLIB_H
| #  include <stdlib.h>
| # endif
| #endif
| #ifdef HAVE_STRING_H
| # if !defined STDC_HEADERS && defined HAVE_MEMORY_H
| #  include <memory.h>
| # endif
| # include <string.h>
| #endif
| #ifdef HAVE_STRINGS_H
| # include <strings.h>
| #endif
| #ifdef HAVE_INTTYPES_H
| # include <inttypes.h>
| #endif
| #ifdef HAVE_STDINT_H
| # include <stdint.h>
| #endif
| #ifdef HAVE_UNISTD_H
| # include <unistd.h>
| #endif
| int
| main ()
| {
| if (sizeof ((size_t)))
| 	    return 0;
|   ;
|   return 0;
| }
configure:6387: result: yes
configure:6398: checking whether time.h and sys/time.h may both be included
configure:6418: gcc -c -g -O2 -DNDEBUG -O3 -Wall  conftest.c >&5
configure:6418: $? = 0
configure:6425: result: yes
configure:6433: checking whether struct tm is in sys/time.h or time.h
configure:6453: gcc -c -g -O2 -DNDEBUG -O3 -Wall  conftest.c >&5
configure:6453: $? = 0
configure:6460: result: time.h
configure:6471: checking for pid_t
configure:6471: gcc -c -g -O2 -DNDEBUG -O3 -Wall  conftest.c >&5
configure:6471: $? = 0
configure:6471: gcc -c -g -O2 -DNDEBUG -O3 -Wall  conftest.c >&5
conftest.c: In function 'main':
conftest.c:85: error: expected expression before ')' token
configure:6471: $? = 1
configure: failed program was:
| /* confdefs.h */
| #define PACKAGE_NAME "ikarus"
| #define PACKAGE_TARNAME "ikarus"
| #define PACKAGE_VERSION "0.0.4-rc1"
| #define PACKAGE_STRING "ikarus 0.0.4-rc1"
| #define PACKAGE_BUGREPORT "aghuloum@cs.indiana.edu"
| #define PACKAGE_URL ""
| #define STDC_HEADERS 1
| #define HAVE_SYS_TYPES_H 1
| #define HAVE_SYS_STAT_H 1
| #define HAVE_STDLIB_H 1
| #define HAVE_STRING_H 1
| #define HAVE_MEMORY_H 1
| #define HAVE_STRINGS_H 1
| #define HAVE_INTTYPES_H 1
| #define HAVE_STDINT_H 1
| #define HAVE_UNISTD_H 1
| #define SIZEOF_VOID_P 4
| #define FLAT_TABLES 1
| #define _FILE_OFFSET_BITS 64
| #define STDC_HEADERS 1
| #define HAVE_SYS_WAIT_H 1
| #define HAVE_ASSERT_H 1
| #define HAVE_DLFCN_H 1
| #define HAVE_ERRNO_H 1
| #define HAVE_FCNTL_H 1
| #define HAVE_SIGNAL_H 1
| #define HAVE_STDINT_H 1
| #define HAVE_STDLIB_H 1
| #define HAVE_STRING_H 1
| #define HAVE_STRINGS_H 1
| #define HAVE_SYS_MMAN_H 1
| #define HAVE_SYS_RESOURCE_H 1
| #define HAVE_SYS_STAT_H 1
| #define HAVE_SYS_TIME_H 1
| #define HAVE_SYS_TYPES_H 1
| #define HAVE_SYS_WAIT_H 1
| #define HAVE_TIME_H 1
| #define HAVE_UNISTD_H 1
| #define HAVE_LIBPTHREAD 1
| #define HAVE_GMP_H 1
| #define HAVE_LIBGMP 1
| #define ENABLE_LIBFFI 1
| #define HAVE_STAT_ST_MTIM 1
| #define HAVE_STAT_ST_CTIM 1
| #define restrict __restrict
| #define TIME_WITH_SYS_TIME 1
| /* end confdefs.h.  */
| #include <stdio.h>
| #ifdef HAVE_SYS_TYPES_H
| # include <sys/types.h>
| #endif
| #ifdef HAVE_SYS_STAT_H
| # include <sys/stat.h>
| #endif
| #ifdef STDC_HEADERS
| # include <stdlib.h>
| # include <stddef.h>
| #else
| # ifdef HAVE_STDLIB_H
| #  include <stdlib.h>
| # endif
| #endif
| #ifdef HAVE_STRING_H
| # if !defined STDC_HEADERS && defined HAVE_MEMORY_H
| #  include <memory.h>
| # endif
| # include <string.h>
| #endif
| #ifdef HAVE_STRINGS_H
| # include <strings.h>
| #endif
| #ifdef HAVE_INTTYPES_H
| # include <inttypes.h>
| #endif
| #ifdef HAVE_STDINT_H
| # include <stdint.h>
| #endif
| #ifdef HAVE_UNISTD_H
| # include <unistd.h>
| #endif
| int
| main ()
| {
| if (sizeof ((pid_t)))
| 	    return 0;
|   ;
|   return 0;
| }
configure:6471: result: yes
configure:6484: checking vfork.h usability
configure:6484: gcc -c -g -O2 -DNDEBUG -O3 -Wall  conftest.c >&5
conftest.c:82:19: error: vfork.h: No such file or directory
configure:6484: $? = 1
configure: failed program was:
| /* confdefs.h */
| #define PACKAGE_NAME "ikarus"
| #define PACKAGE_TARNAME "ikarus"
| #define PACKAGE_VERSION "0.0.4-rc1"
| #define PACKAGE_STRING "ikarus 0.0.4-rc1"
| #define PACKAGE_BUGREPORT "aghuloum@cs.indiana.edu"
| #define PACKAGE_URL ""
| #define STDC_HEADERS 1
| #define HAVE_SYS_TYPES_H 1
| #define HAVE_SYS_STAT_H 1
| #define HAVE_STDLIB_H 1
| #define HAVE_STRING_H 1
| #define HAVE_MEMORY_H 1
| #define HAVE_STRINGS_H 1
| #define HAVE_INTTYPES_H 1
| #define HAVE_STDINT_H 1
| #define HAVE_UNISTD_H 1
| #define SIZEOF_VOID_P 4
| #define FLAT_TABLES 1
| #define _FILE_OFFSET_BITS 64
| #define STDC_HEADERS 1
| #define HAVE_SYS_WAIT_H 1
| #define HAVE_ASSERT_H 1
| #define HAVE_DLFCN_H 1
| #define HAVE_ERRNO_H 1
| #define HAVE_FCNTL_H 1
| #define HAVE_SIGNAL_H 1
| #define HAVE_STDINT_H 1
| #define HAVE_STDLIB_H 1
| #define HAVE_STRING_H 1
| #define HAVE_STRINGS_H 1
| #define HAVE_SYS_MMAN_H 1
| #define HAVE_SYS_RESOURCE_H 1
| #define HAVE_SYS_STAT_H 1
| #define HAVE_SYS_TIME_H 1
| #define HAVE_SYS_TYPES_H 1
| #define HAVE_SYS_WAIT_H 1
| #define HAVE_TIME_H 1
| #define HAVE_UNISTD_H 1
| #define HAVE_LIBPTHREAD 1
| #define HAVE_GMP_H 1
| #define HAVE_LIBGMP 1
| #define ENABLE_LIBFFI 1
| #define HAVE_STAT_ST_MTIM 1
| #define HAVE_STAT_ST_CTIM 1
| #define restrict __restrict
| #define TIME_WITH_SYS_TIME 1
| /* end confdefs.h.  */
| #include <stdio.h>
| #ifdef HAVE_SYS_TYPES_H
| # include <sys/types.h>
| #endif
| #ifdef HAVE_SYS_STAT_H
| # include <sys/stat.h>
| #endif
| #ifdef STDC_HEADERS
| # include <stdlib.h>
| # include <stddef.h>
| #else
| # ifdef HAVE_STDLIB_H
| #  include <stdlib.h>
| # endif
| #endif
| #ifdef HAVE_STRING_H
| # if !defined STDC_HEADERS && defined HAVE_MEMORY_H
| #  include <memory.h>
| # endif
| # include <string.h>
| #endif
| #ifdef HAVE_STRINGS_H
| # include <strings.h>
| #endif
| #ifdef HAVE_INTTYPES_H
| # include <inttypes.h>
| #endif
| #ifdef HAVE_STDINT_H
| # include <stdint.h>
| #endif
| #ifdef HAVE_UNISTD_H
| # include <unistd.h>
| #endif
| #include <vfork.h>
configure:6484: result: no
configure:6484: checking vfork.h presence
configure:6484: gcc -E  conftest.c
conftest.c:49:19: error: vfork.h: No such file or directory
configure:6484: $? = 1
configure: failed program was:
| /* confdefs.h */
| #define PACKAGE_NAME "ikarus"
| #define PACKAGE_TARNAME "ikarus"
| #define PACKAGE_VERSION "0.0.4-rc1"
| #define PACKAGE_STRING "ikarus 0.0.4-rc1"
| #define PACKAGE_BUGREPORT "aghuloum@cs.indiana.edu"
| #define PACKAGE_URL ""
| #define STDC_HEADERS 1
| #define HAVE_SYS_TYPES_H 1
| #define HAVE_SYS_STAT_H 1
| #define HAVE_STDLIB_H 1
| #define HAVE_STRING_H 1
| #define HAVE_MEMORY_H 1
| #define HAVE_STRINGS_H 1
| #define HAVE_INTTYPES_H 1
| #define HAVE_STDINT_H 1
| #define HAVE_UNISTD_H 1
| #define SIZEOF_VOID_P 4
| #define FLAT_TABLES 1
| #define _FILE_OFFSET_BITS 64
| #define STDC_HEADERS 1
| #define HAVE_SYS_WAIT_H 1
| #define HAVE_ASSERT_H 1
| #define HAVE_DLFCN_H 1
| #define HAVE_ERRNO_H 1
| #define HAVE_FCNTL_H 1
| #define HAVE_SIGNAL_H 1
| #define HAVE_STDINT_H 1
| #define HAVE_STDLIB_H 1
| #define HAVE_STRING_H 1
| #define HAVE_STRINGS_H 1
| #define HAVE_SYS_MMAN_H 1
| #define HAVE_SYS_RESOURCE_H 1
| #define HAVE_SYS_STAT_H 1
| #define HAVE_SYS_TIME_H 1
| #define HAVE_SYS_TYPES_H 1
| #define HAVE_SYS_WAIT_H 1
| #define HAVE_TIME_H 1
| #define HAVE_UNISTD_H 1
| #define HAVE_LIBPTHREAD 1
| #define HAVE_GMP_H 1
| #define HAVE_LIBGMP 1
| #define ENABLE_LIBFFI 1
| #define HAVE_STAT_ST_MTIM 1
| #define HAVE_STAT_ST_CTIM 1
| #define restrict __restrict
| #define TIME_WITH_SYS_TIME 1
| /* end confdefs.h.  */
| #include <vfork.h>
configure:6484: result: no
configure:6484: checking for vfork.h
configure:6484: result: no
configure:6497: checking for fork
configure:6497: gcc -o conftest -g -O2 -DNDEBUG -O3 -Wall  -rdynamic  conftest.c -lgmp -lpthread -lm -ldl  -lffi >&5
conftest.c:72: warning: conflicting types for built-in function 'fork'
configure:6497: $? = 0
configure:6497: result: yes
configure:6497: checking for vfork
configure:6497: gcc -o conftest -g -O2 -DNDEBUG -O3 -Wall  -rdynamic  conftest.c -lgmp -lpthread -lm -ldl  -lffi >&5
configure:6497: $? = 0
configure:6497: result: yes
configure:6508: checking for working fork
configure:6530: gcc -o conftest -g -O2 -DNDEBUG -O3 -Wall  -rdynamic  conftest.c -lgmp -lpthread -lm -ldl  -lffi >&5
configure:6530: $? = 0
configure:6530: ./conftest
configure:6530: $? = 0
configure:6540: result: yes
configure:6561: checking for working vfork
configure:6671: result: yes
configure:6698: checking for stdlib.h
configure:6698: result: yes
configure:6708: checking for GNU libc compatible malloc
configure:6732: gcc -o conftest -g -O2 -DNDEBUG -O3 -Wall  -rdynamic  conftest.c -lgmp -lpthread -lm -ldl  -lffi >&5
configure:6732: $? = 0
configure:6732: ./conftest
configure:6732: $? = 0
configure:6742: result: yes
configure:6763: checking for working memcmp
configure:6806: gcc -o conftest -g -O2 -DNDEBUG -O3 -Wall  -rdynamic  conftest.c -lgmp -lpthread -lm -ldl  -lffi >&5
configure:6806: $? = 0
configure:6806: ./conftest
configure:6806: $? = 0
configure:6816: result: yes
configure:6828: checking for stdlib.h
configure:6828: result: yes
configure:6828: checking for unistd.h
configure:6828: result: yes
configure:6841: checking for getpagesize
configure:6841: gcc -o conftest -g -O2 -DNDEBUG -O3 -Wall  -rdynamic  conftest.c -lgmp -lpthread -lm -ldl  -lffi >&5
configure:6841: $? = 0
configure:6841: result: yes
configure:6850: checking for working mmap
configure:6987: gcc -o conftest -g -O2 -DNDEBUG -O3 -Wall  -rdynamic  conftest.c -lgmp -lpthread -lm -ldl  -lffi >&5
configure:6987: $? = 0
configure:6987: ./conftest
configure:6987: $? = 0
configure:6997: result: yes
configure:7006: checking whether lstat dereferences a symlink specified with a trailing slash
configure:7032: gcc -o conftest -g -O2 -DNDEBUG -O3 -Wall  -rdynamic  conftest.c -lgmp -lpthread -lm -ldl  -lffi >&5
configure:7032: $? = 0
configure:7032: ./conftest
configure:7032: $? = 0
configure:7049: result: yes
configure:7068: checking whether stat accepts an empty string
configure:7088: gcc -o conftest -g -O2 -DNDEBUG -O3 -Wall  -rdynamic  conftest.c -lgmp -lpthread -lm -ldl  -lffi >&5
configure:7088: $? = 0
configure:7088: ./conftest
configure:7088: $? = 0
configure:7098: result: no
configure:7116: checking for strftime
configure:7116: gcc -o conftest -g -O2 -DNDEBUG -O3 -Wall  -rdynamic  conftest.c -lgmp -lpthread -lm -ldl  -lffi >&5
conftest.c:83: warning: conflicting types for built-in function 'strftime'
configure:7116: $? = 0
configure:7116: result: yes
configure:7169: checking for working strtod
configure:7210: gcc -o conftest -g -O2 -DNDEBUG -O3 -Wall  -rdynamic  conftest.c -lgmp -lpthread -lm -ldl  -lffi >&5
conftest.c: In function 'main':
conftest.c:116: warning: ignoring return value of 'strtod', declared with attribute warn_unused_result
configure:7210: $? = 0
configure:7210: ./conftest
configure:7210: $? = 0
configure:7220: result: yes
configure:7285: checking for sigaltstack
configure:7285: gcc -o conftest -g -O2 -DNDEBUG -O3 -Wall  -rdynamic  conftest.c -lgmp -lpthread -lm -ldl  -lffi >&5
configure:7285: $? = 0
configure:7285: result: yes
configure:7285: checking for bzero
configure:7285: gcc -o conftest -g -O2 -DNDEBUG -O3 -Wall  -rdynamic  conftest.c -lgmp -lpthread -lm -ldl  -lffi >&5
conftest.c:85: warning: conflicting types for built-in function 'bzero'
configure:7285: $? = 0
configure:7285: result: yes
configure:7285: checking for gettimeofday
configure:7285: gcc -o conftest -g -O2 -DNDEBUG -O3 -Wall  -rdynamic  conftest.c -lgmp -lpthread -lm -ldl  -lffi >&5
configure:7285: $? = 0
configure:7285: result: yes
configure:7285: checking for memmove
configure:7285: gcc -o conftest -g -O2 -DNDEBUG -O3 -Wall  -rdynamic  conftest.c -lgmp -lpthread -lm -ldl  -lffi >&5
conftest.c:87: warning: conflicting types for built-in function 'memmove'
configure:7285: $? = 0
configure:7285: result: yes
configure:7285: checking for memset
configure:7285: gcc -o conftest -g -O2 -DNDEBUG -O3 -Wall  -rdynamic  conftest.c -lgmp -lpthread -lm -ldl  -lffi >&5
conftest.c:88: warning: conflicting types for built-in function 'memset'
configure:7285: $? = 0
configure:7285: result: yes
configure:7285: checking for munmap
configure:7285: gcc -o conftest -g -O2 -DNDEBUG -O3 -Wall  -rdynamic  conftest.c -lgmp -lpthread -lm -ldl  -lffi >&5
configure:7285: $? = 0
configure:7285: result: yes
configure:7285: checking for setenv
configure:7285: gcc -o conftest -g -O2 -DNDEBUG -O3 -Wall  -rdynamic  conftest.c -lgmp -lpthread -lm -ldl  -lffi >&5
configure:7285: $? = 0
configure:7285: result: yes
configure:7285: checking for sqrt
configure:7285: gcc -o conftest -g -O2 -DNDEBUG -O3 -Wall  -rdynamic  conftest.c -lgmp -lpthread -lm -ldl  -lffi >&5
conftest.c:91: warning: conflicting types for built-in function 'sqrt'
configure:7285: $? = 0
configure:7285: result: yes
configure:7285: checking for strerror
configure:7285: gcc -o conftest -g -O2 -DNDEBUG -O3 -Wall  -rdynamic  conftest.c -lgmp -lpthread -lm -ldl  -lffi >&5
configure:7285: $? = 0
configure:7285: result: yes
configure:7285: checking for getaddrinfo
configure:7285: gcc -o conftest -g -O2 -DNDEBUG -O3 -Wall  -rdynamic  conftest.c -lgmp -lpthread -lm -ldl  -lffi >&5
configure:7285: $? = 0
configure:7285: result: yes
configure:7425: creating ./config.status

## ---------------- ##
## Cache variables. ##
## ---------------- ##

ac_cv_build=i686-pc-linux-gnu
ac_cv_c_compiler_gnu=yes
ac_cv_c_const=yes
ac_cv_c_inline=inline
ac_cv_c_restrict=__restrict
ac_cv_env_CCASFLAGS_set=
ac_cv_env_CCASFLAGS_value=
ac_cv_env_CCAS_set=
ac_cv_env_CCAS_value=
ac_cv_env_CC_set=
ac_cv_env_CC_value=
ac_cv_env_CFLAGS_set=
ac_cv_env_CFLAGS_value=
ac_cv_env_CPPFLAGS_set=
ac_cv_env_CPPFLAGS_value=
ac_cv_env_CPP_set=
ac_cv_env_CPP_value=
ac_cv_env_LDFLAGS_set=
ac_cv_env_LDFLAGS_value=
ac_cv_env_LIBS_set=
ac_cv_env_LIBS_value=
ac_cv_env_build_alias_set=
ac_cv_env_build_alias_value=
ac_cv_env_host_alias_set=
ac_cv_env_host_alias_value=
ac_cv_env_target_alias_set=
ac_cv_env_target_alias_value=
ac_cv_func_bzero=yes
ac_cv_func_fork=yes
ac_cv_func_fork_works=yes
ac_cv_func_getaddrinfo=yes
ac_cv_func_getpagesize=yes
ac_cv_func_gettimeofday=yes
ac_cv_func_lstat_dereferences_slashed_symlink=yes
ac_cv_func_malloc_0_nonnull=yes
ac_cv_func_memcmp_working=yes
ac_cv_func_memmove=yes
ac_cv_func_memset=yes
ac_cv_func_mmap_fixed_mapped=yes
ac_cv_func_munmap=yes
ac_cv_func_setenv=yes
ac_cv_func_sigaltstack=yes
ac_cv_func_sqrt=yes
ac_cv_func_stat_empty_string_bug=no
ac_cv_func_strerror=yes
ac_cv_func_strftime=yes
ac_cv_func_strtod=yes
ac_cv_func_vfork=yes
ac_cv_func_vfork_works=yes
ac_cv_header_assert_h=yes
ac_cv_header_dlfcn_h=yes
ac_cv_header_errno_h=yes
ac_cv_header_fcntl_h=yes
ac_cv_header_ffi_h=yes
ac_cv_header_gmp_h=yes
ac_cv_header_inttypes_h=yes
ac_cv_header_memory_h=yes
ac_cv_header_signal_h=yes
ac_cv_header_stdc=yes
ac_cv_header_stdint_h=yes
ac_cv_header_stdlib_h=yes
ac_cv_header_string_h=yes
ac_cv_header_strings_h=yes
ac_cv_header_sys_mman_h=yes
ac_cv_header_sys_resource_h=yes
ac_cv_header_sys_stat_h=yes
ac_cv_header_sys_time_h=yes
ac_cv_header_sys_types_h=yes
ac_cv_header_sys_wait_h=yes
ac_cv_header_time=yes
ac_cv_header_time_h=yes
ac_cv_header_unistd_h=yes
ac_cv_header_vfork_h=no
ac_cv_host=i686-pc-linux-gnu
ac_cv_lib_ffi_ffi_call=yes
ac_cv_lib_gmp=ac_cv_lib_gmp_main
ac_cv_lib_gmp_main=yes
ac_cv_lib_pthread_main=yes
ac_cv_member_struct_stat_st_ctim=yes
ac_cv_member_struct_stat_st_ctimespec=no
ac_cv_member_struct_stat_st_mtim=yes
ac_cv_member_struct_stat_st_mtimespec=no
ac_cv_objext=o
ac_cv_path_EGREP='/bin/grep -E'
ac_cv_path_GREP=/bin/grep
ac_cv_path_install='/usr/bin/install -c'
ac_cv_path_mkdir=/bin/mkdir
ac_cv_prog_AWK=gawk
ac_cv_prog_CPP='gcc -E'
ac_cv_prog_ac_ct_CC=gcc
ac_cv_prog_cc_c89=
ac_cv_prog_cc_g=yes
ac_cv_prog_cc_gcc_c_o=yes
ac_cv_prog_make_make_set=yes
ac_cv_search_cos=-lm
ac_cv_search_dlsym=-ldl
ac_cv_search_nanosleep='none required'
ac_cv_search_socket='none required'
ac_cv_sizeof_void_p=4
ac_cv_struct_tm=time.h
ac_cv_sys_file_offset_bits=64
ac_cv_sys_largefile_CC=no
ac_cv_target=i686-pc-linux-gnu
ac_cv_type_pid_t=yes
ac_cv_type_size_t=yes
am_cv_CCAS_dependencies_compiler_type=gcc3
am_cv_CC_dependencies_compiler_type=gcc3

## ----------------- ##
## Output variables. ##
## ----------------- ##

ACLOCAL='${SHELL} /home/ih/Code/ikarus.dev/missing --run aclocal-1.11'
AMDEPBACKSLASH='\'
AMDEP_FALSE='#'
AMDEP_TRUE=''
AMTAR='${SHELL} /home/ih/Code/ikarus.dev/missing --run tar'
AUTOCONF='${SHELL} /home/ih/Code/ikarus.dev/missing --run autoconf'
AUTOHEADER='${SHELL} /home/ih/Code/ikarus.dev/missing --run autoheader'
AUTOMAKE='${SHELL} /home/ih/Code/ikarus.dev/missing --run automake-1.11'
AWK='gawk'
CC='gcc'
CCAS='gcc'
CCASDEPMODE='depmode=gcc3'
CCASFLAGS='-g -O2'
CCDEPMODE='depmode=gcc3'
CFLAGS='-g -O2 -DNDEBUG -O3 -Wall'
CPP='gcc -E'
CPPFLAGS=''
CYGPATH_W='echo'
DEFS='-DHAVE_CONFIG_H'
DEPDIR='.deps'
ECHO_C=''
ECHO_N='-n'
ECHO_T=''
EGREP='/bin/grep -E'
EXEEXT=''
GREP='/bin/grep'
INSTALL_DATA='${INSTALL} -m 644'
INSTALL_PROGRAM='${INSTALL}'
INSTALL_SCRIPT='${INSTALL}'
INSTALL_STRIP_PROGRAM='$(install_sh) -c -s'
LDFLAGS='-rdynamic '
LIBOBJS=''
LIBS='-lgmp -lpthread -lm -ldl  -lffi'
LTLIBOBJS=''
MAKEINFO='${SHELL} /home/ih/Code/ikarus.dev/missing --run makeinfo'
MKDIR_P='/bin/mkdir -p'
OBJEXT='o'
PACKAGE='ikarus'
PACKAGE_BUGREPORT='aghuloum@cs.indiana.edu'
PACKAGE_NAME='ikarus'
PACKAGE_STRING='ikarus 0.0.4-rc1'
PACKAGE_TARNAME='ikarus'
PACKAGE_URL=''
PACKAGE_VERSION='0.0.4-rc1'
PATH_SEPARATOR=':'
POW_LIB=''
SET_MAKE=''
SHELL='/bin/bash'
STRIP=''
VERSION='0.0.4-rc1'
ac_ct_CC='gcc'
am__EXEEXT_FALSE=''
am__EXEEXT_TRUE='#'
am__fastdepCCAS_FALSE='#'
am__fastdepCCAS_TRUE=''
am__fastdepCC_FALSE='#'
am__fastdepCC_TRUE=''
am__include='include'
am__isrc=''
am__leading_dot='.'
am__quote=''
am__tar='${AMTAR} chof - "$$tardir"'
am__untar='${AMTAR} xf -'
bindir='${exec_prefix}/bin'
build='i686-pc-linux-gnu'
build_alias=''
build_cpu='i686'
build_os='linux-gnu'
build_vendor='pc'
datadir='${datarootdir}'
datarootdir='${prefix}/share'
docdir='${datarootdir}/doc/${PACKAGE_TARNAME}'
dvidir='${docdir}'
exec_prefix='${prefix}'
host='i686-pc-linux-gnu'
host_alias=''
host_cpu='i686'
host_os='linux-gnu'
host_vendor='pc'
htmldir='${docdir}'
includedir='${prefix}/include'
infodir='${datarootdir}/info'
install_sh='${SHELL} /home/ih/Code/ikarus.dev/install-sh'
libdir='${exec_prefix}/lib'
libexecdir='${exec_prefix}/libexec'
localedir='${datarootdir}/locale'
localstatedir='${prefix}/var'
mandir='${datarootdir}/man'
mkdir_p='/bin/mkdir -p'
oldincludedir='/usr/include'
pdfdir='${docdir}'
prefix='/usr/local'
program_transform_name='s,x,x,'
psdir='${docdir}'
sbindir='${exec_prefix}/sbin'
sharedstatedir='${prefix}/com'
sysconfdir='${prefix}/etc'
target='i686-pc-linux-gnu'
target_alias=''
target_cpu='i686'
target_os='linux-gnu'
target_vendor='pc'

## ----------- ##
## confdefs.h. ##
## ----------- ##

/* confdefs.h */
#define PACKAGE_NAME "ikarus"
#define PACKAGE_TARNAME "ikarus"
#define PACKAGE_VERSION "0.0.4-rc1"
#define PACKAGE_STRING "ikarus 0.0.4-rc1"
#define PACKAGE_BUGREPORT "aghuloum@cs.indiana.edu"
#define PACKAGE_URL ""
#define STDC_HEADERS 1
#define HAVE_SYS_TYPES_H 1
#define HAVE_SYS_STAT_H 1
#define HAVE_STDLIB_H 1
#define HAVE_STRING_H 1
#define HAVE_MEMORY_H 1
#define HAVE_STRINGS_H 1
#define HAVE_INTTYPES_H 1
#define HAVE_STDINT_H 1
#define HAVE_UNISTD_H 1
#define SIZEOF_VOID_P 4
#define FLAT_TABLES 1
#define _FILE_OFFSET_BITS 64
#define STDC_HEADERS 1
#define HAVE_SYS_WAIT_H 1
#define HAVE_ASSERT_H 1
#define HAVE_DLFCN_H 1
#define HAVE_ERRNO_H 1
#define HAVE_FCNTL_H 1
#define HAVE_SIGNAL_H 1
#define HAVE_STDINT_H 1
#define HAVE_STDLIB_H 1
#define HAVE_STRING_H 1
#define HAVE_STRINGS_H 1
#define HAVE_SYS_MMAN_H 1
#define HAVE_SYS_RESOURCE_H 1
#define HAVE_SYS_STAT_H 1
#define HAVE_SYS_TIME_H 1
#define HAVE_SYS_TYPES_H 1
#define HAVE_SYS_WAIT_H 1
#define HAVE_TIME_H 1
#define HAVE_UNISTD_H 1
#define HAVE_LIBPTHREAD 1
#define HAVE_GMP_H 1
#define HAVE_LIBGMP 1
#define ENABLE_LIBFFI 1
#define HAVE_STAT_ST_MTIM 1
#define HAVE_STAT_ST_CTIM 1
#define restrict __restrict
#define TIME_WITH_SYS_TIME 1
#define HAVE_FORK 1
#define HAVE_VFORK 1
#define HAVE_WORKING_VFORK 1
#define HAVE_WORKING_FORK 1
#define HAVE_STDLIB_H 1
#define HAVE_MALLOC 1
#define HAVE_STDLIB_H 1
#define HAVE_UNISTD_H 1
#define HAVE_GETPAGESIZE 1
#define HAVE_MMAP 1
#define LSTAT_FOLLOWS_SLASHED_SYMLINK 1
#define HAVE_STRFTIME 1
#define HAVE_SIGALTSTACK 1
#define HAVE_BZERO 1
#define HAVE_GETTIMEOFDAY 1
#define HAVE_MEMMOVE 1
#define HAVE_MEMSET 1
#define HAVE_MUNMAP 1
#define HAVE_SETENV 1
#define HAVE_SQRT 1
#define HAVE_STRERROR 1
#define HAVE_GETADDRINFO 1

configure: exit 0

## ---------------------- ##
## Running config.status. ##
## ---------------------- ##

This file was extended by ikarus config.status 0.0.4-rc1, which was
generated by GNU Autoconf 2.64.  Invocation command line was

  CONFIG_FILES    = 
  CONFIG_HEADERS  = 
  CONFIG_LINKS    = 
  CONFIG_COMMANDS = 
  $ ./config.status 

on wizard

config.status:919: creating Makefile
config.status:919: creating src/Makefile
config.status:919: creating scheme/Makefile
config.status:919: creating doc/Makefile
config.status:919: creating lib/Makefile
config.status:919: creating benchmarks/Makefile
config.status:919: creating config.h
config.status:1091: config.h is unchanged
config.status:1139: executing depfiles commands
